<?xml version="1.0" encoding="UTF-8"?>
<!-- Generated by org.testng.reporters.JUnitReportReporter -->
<testsuite hostname="CHN1-LHP-N81660" failures="0" tests="1" name="TestRunner.TestRunner" time="19.643" errors="0" timestamp="2022-04-28T13:12:30 IST" skipped="0">
  <testcase classname="TestRunner.TestRunner" name="runScenario" time="19.643"/>
  <system-out/>
</testsuite> <!-- TestRunner.TestRunner -->
